0 info it worked if it ends with ok
1 verbose cli [ 'D:\\Program Files\\Node\\nodejs\\\\node.exe',
1 verbose cli   'D:\\Program Files\\Node\\nodejs\\node_modules\\npm\\bin\\npm-cli.js',
1 verbose cli   'install' ]
2 info using npm@1.3.8
3 info using node@v0.10.18
4 verbose node symlink D:\Program Files\Node\nodejs\\node.exe
5 verbose readDependencies using package.json deps
6 verbose install where, deps [ 'E:\\MyJob\\Node_js\\Subject\\WebStromCreateSubject',
6 verbose install   [ 'express',
6 verbose install     'ejs',
6 verbose install     'redis',
6 verbose install     'mysql',
6 verbose install     'node-libmysqlclient',
6 verbose install     'jquery' ] ]
7 info preinstall application-name@0.0.1
8 verbose readDependencies using package.json deps
9 verbose already installed skipping express@3.4.0 E:\MyJob\Node_js\Subject\WebStromCreateSubject
10 verbose already installed skipping ejs@* E:\MyJob\Node_js\Subject\WebStromCreateSubject
11 verbose already installed skipping redis@* E:\MyJob\Node_js\Subject\WebStromCreateSubject
12 verbose already installed skipping mysql@* E:\MyJob\Node_js\Subject\WebStromCreateSubject
13 verbose cache add [ 'node-libmysqlclient@*', null ]
14 verbose cache add name=undefined spec="node-libmysqlclient@*" args=["node-libmysqlclient@*",null]
15 verbose parsed url { protocol: null,
15 verbose parsed url   slashes: null,
15 verbose parsed url   auth: null,
15 verbose parsed url   host: null,
15 verbose parsed url   port: null,
15 verbose parsed url   hostname: null,
15 verbose parsed url   hash: null,
15 verbose parsed url   search: null,
15 verbose parsed url   query: null,
15 verbose parsed url   pathname: 'node-libmysqlclient@*',
15 verbose parsed url   path: 'node-libmysqlclient@*',
15 verbose parsed url   href: 'node-libmysqlclient@*' }
16 verbose cache add name="node-libmysqlclient" spec="*" args=["node-libmysqlclient","*"]
17 verbose parsed url { protocol: null,
17 verbose parsed url   slashes: null,
17 verbose parsed url   auth: null,
17 verbose parsed url   host: null,
17 verbose parsed url   port: null,
17 verbose parsed url   hostname: null,
17 verbose parsed url   hash: null,
17 verbose parsed url   search: null,
17 verbose parsed url   query: null,
17 verbose parsed url   pathname: '*',
17 verbose parsed url   path: '*',
17 verbose parsed url   href: '*' }
18 verbose addNamed [ 'node-libmysqlclient', '*' ]
19 verbose addNamed [ null, '*' ]
20 verbose already installed skipping jquery@* E:\MyJob\Node_js\Subject\WebStromCreateSubject
21 silly lockFile 10e07a70-node-libmysqlclient node-libmysqlclient@*
22 verbose lock node-libmysqlclient@* d:\program Files\Node\npm-cache\10e07a70-node-libmysqlclient.lock
23 silly addNameRange { name: 'node-libmysqlclient', range: '*', hasData: false }
24 verbose url raw node-libmysqlclient
25 verbose url resolving [ 'https://registry.npmjs.org/', './node-libmysqlclient' ]
26 verbose url resolved https://registry.npmjs.org/node-libmysqlclient
27 info trying registry request attempt 1 at 10:48:05
28 http GET https://registry.npmjs.org/node-libmysqlclient
29 http 404 https://registry.npmjs.org/node-libmysqlclient
30 silly registry.get cb [ 404,
30 silly registry.get   { server: 'CouchDB/1.3.1 (Erlang OTP/R15B03)',
30 silly registry.get     date: 'Tue, 24 Sep 2013 02:48:07 GMT',
30 silly registry.get     'content-type': 'application/json',
30 silly registry.get     'content-length': '52',
30 silly registry.get     'cache-control': 'must-revalidate' } ]
31 silly lockFile 10e07a70-node-libmysqlclient node-libmysqlclient@*
32 silly lockFile 10e07a70-node-libmysqlclient node-libmysqlclient@*
33 error 404 'node-libmysqlclient' is not in the npm registry.
33 error 404 You should bug the author to publish it
33 error 404
33 error 404 Maybe try 'npm search libmysqlclient'
33 error 404
33 error 404 Note that you can also install from a
33 error 404 tarball, folder, or http url, or git url.
34 error System Windows_NT 6.1.7601
35 error command "D:\\Program Files\\Node\\nodejs\\\\node.exe" "D:\\Program Files\\Node\\nodejs\\node_modules\\npm\\bin\\npm-cli.js" "install"
36 error cwd E:\MyJob\Node_js\Subject\WebStromCreateSubject
37 error node -v v0.10.18
38 error npm -v 1.3.8
39 error code E404
40 verbose exit [ 1, true ]
